<?xml version="1.0" encoding="UTF-8"?>
<!-- Generated by org.testng.reporters.JUnitReportReporter -->
<testsuite skipped="0" hostname="WKMIN4841327" name="testScenarios.Login" tests="1" failures="0" timestamp="25 Sep 2020 10:10:35 GMT" time="7.833" errors="0">
  <testcase name="basePageNavigation" time="7.833" classname="testScenarios.Login"/>
</testsuite> <!-- testScenarios.Login -->
