<?xml version="1.0" encoding="UTF-8"?>
<!-- Generated by org.testng.reporters.JUnitReportReporter -->
<testsuite skipped="0" hostname="WKMIN4841327" name="testScenarios.SuccessfulLogin" tests="1" failures="0" timestamp="25 Sep 2020 11:10:49 GMT" time="4.753" errors="0">
  <testcase name="basePageNavigation" time="4.753" classname="testScenarios.SuccessfulLogin"/>
</testsuite> <!-- testScenarios.SuccessfulLogin -->
